<?xml version="1.0" encoding="UTF-8"?>
<!-- Generated by org.testng.reporters.JUnitReportReporter -->
<testsuite skipped="0" hostname="knoldus-Vostro-3583" name="com.knoldus.snap3.SeleniumWaits" tests="1" failures="0" timestamp="13 Feb 2020 12:42:58 GMT" time="20.908" errors="0">
  <testcase name="explicitWaitImplemented" time="20.908" classname="com.knoldus.snap3.SeleniumWaits"/>
</testsuite> <!-- com.knoldus.snap3.SeleniumWaits -->
