<?xml version="1.0" encoding="UTF-8"?>
<!-- Generated by org.testng.reporters.JUnitReportReporter -->
<testsuite skipped="0" hostname="knoldus-Vostro-3583" name="com.knoldus.snap3.Julimr_EnterValues" tests="1" failures="0" timestamp="10 Jan 2020 10:29:13 GMT" time="9.220" errors="0">
  <testcase name="checkLogin" time="9.220" classname="com.knoldus.snap3.Julimr_EnterValues"/>
</testsuite> <!-- com.knoldus.snap3.Julimr_EnterValues -->
