<?xml version="1.0" encoding="UTF-8"?>
<!-- Generated by org.testng.reporters.JUnitReportReporter -->
<testsuite skipped="0" hostname="knoldus-Vostro-3583" name="com.knoldus.panel.PanelV1_E2E" tests="1" failures="0" timestamp="12 Mar 2020 12:49:02 GMT" time="16.175" errors="0">
  <testcase name="checkLoginAndVerifyDashboardElements" time="16.175" classname="com.knoldus.panel.PanelV1_E2E"/>
</testsuite> <!-- com.knoldus.panel.PanelV1_E2E -->
