<?xml version="1.0" encoding="UTF-8"?>
<!-- Generated by org.testng.reporters.JUnitReportReporter -->
<testsuite skipped="0" hostname="knoldus-Vostro-3583" name="com.knoldus.snap3.Snap3_1LoginCheckWithValidCredentials" tests="1" failures="0" timestamp="04 Mar 2020 08:41:17 GMT" time="11.296" errors="0">
  <testcase name="checkLogin" time="11.296" classname="com.knoldus.snap3.Snap3_1LoginCheckWithValidCredentials"/>
</testsuite> <!-- com.knoldus.snap3.Snap3_1LoginCheckWithValidCredentials -->
