<?xml version="1.0" encoding="UTF-8"?>
<!-- Generated by org.testng.reporters.JUnitReportReporter -->
<testsuite skipped="0" hostname="knoldus-Vostro-3583" name="com.knoldus.snap3.SeleniumDatePicker" tests="1" failures="0" timestamp="03 Feb 2020 05:50:59 GMT" time="13.076" errors="0">
  <testcase name="datePickerCheck" time="13.076" classname="com.knoldus.snap3.SeleniumDatePicker"/>
</testsuite> <!-- com.knoldus.snap3.SeleniumDatePicker -->
