<?xml version="1.0" encoding="UTF-8"?>
<!-- Generated by org.testng.reporters.JUnitReportReporter -->
<testsuite skipped="0" hostname="knoldus-Vostro-3583" name="com.knoldus.snap3.PanelV1_E2E" tests="1" failures="0" timestamp="07 Mar 2020 06:03:29 GMT" time="18.828" errors="0">
  <testcase name="checkLogin" time="18.828" classname="com.knoldus.snap3.PanelV1_E2E"/>
</testsuite> <!-- com.knoldus.snap3.PanelV1_E2E -->
